android/app/build/intermediates/manifest_merge_blame_file/debug/manifest-merger-blame-debug-report.txt
1<?xml version="1.0" encoding="utf-8"?>
2<manifest xmlns:android="http://schemas.android.com/apk/res/android"
3    package="com.example.flutter_application_1"
4    android:versionCode="1"
5    android:versionName="1.0.0" >
6
7    <uses-sdk
8        android:minSdkVersion="21"
9        android:targetSdkVersion="34" />
10    <!--
11         The INTERNET permission is required for development. Specifically,
12         the Flutter tool needs it to communicate with the running application
13         to allow setting breakpoints, to provide hot reload, etc.
14    -->
15    <uses-permission android:name="android.permission.INTERNET" />
15-->src\main\AndroidManifest.xml:8:5-67
15-->src\main\AndroidManifest.xml:8:22-64
16    <uses-permission android:name="android.permission.READ_PHONE_STATE" />
16-->src\main\AndroidManifest.xml:5:5-95
16-->src\main\AndroidManifest.xml:5:22-72
17    <uses-permission android:name="android.permission.ACCESS_WIFI_STATE" />
17-->src\main\AndroidManifest.xml:6:5-76
17-->src\main\AndroidManifest.xml:6:22-73
18    <uses-permission android:name="android.permission.ACCESS_NETWORK_STATE" />
18-->src\main\AndroidManifest.xml:7:5-79
18-->src\main\AndroidManifest.xml:7:22-76
19    <uses-permission android:name="android.permission.ACCESS_COARSE_LOCATION" />
19-->src\main\AndroidManifest.xml:9:5-81
19-->src\main\AndroidManifest.xml:9:22-78
20    <uses-permission android:name="android.permission.ACCESS_FINE_LOCATION" />
20-->src\main\AndroidManifest.xml:10:5-79
20-->src\main\AndroidManifest.xml:10:22-76
21    <uses-permission android:name="android.permission.SYSTEM_ALERT_WINDOW" />
21-->src\main\AndroidManifest.xml:11:5-78
21-->src\main\AndroidManifest.xml:11:22-75
22    <uses-permission android:name="android.permission.WAKE_LOCK" />
22-->src\main\AndroidManifest.xml:12:5-68
22-->src\main\AndroidManifest.xml:12:22-65
23    <uses-permission android:name="android.permission.FOREGROUND_SERVICE" />
23-->src\main\AndroidManifest.xml:13:5-77
23-->src\main\AndroidManifest.xml:13:22-74
24
25    <queries>
25-->src\main\AndroidManifest.xml:15:5-19:15
26        <intent>
26-->src\main\AndroidManifest.xml:16:9-18:18
27            <action android:name="android.intent.action.MAIN" />
27-->src\main\AndroidManifest.xml:17:13-65
27-->src\main\AndroidManifest.xml:17:21-62
28        </intent>
29    </queries>
30
31    <uses-permission android:name="android.permission.READ_DEVICE_CONFIG" />
31-->[vos-processor-android-4.9.4.0-Debug.aar] AndroidManifest.xml:12:5-77
31-->[vos-processor-android-4.9.4.0-Debug.aar] AndroidManifest.xml:12:22-74
32    <uses-permission android:name="android.permission.READ_EXTERNAL_STORAGE" />
32-->[vos-processor-android-4.9.4.0-Debug.aar] AndroidManifest.xml:14:5-80
32-->[vos-processor-android-4.9.4.0-Debug.aar] AndroidManifest.xml:14:22-77
33    <uses-permission android:name="com.google.android.providers.gsf.permission.READ_GSERVICES" />
33-->[vos-processor-android-4.9.4.0-Debug.aar] AndroidManifest.xml:15:5-98
33-->[vos-processor-android-4.9.4.0-Debug.aar] AndroidManifest.xml:15:22-95
34    <uses-permission android:name="android.permission.WRITE_EXTERNAL_STORAGE" />
34-->[securefileio-android-4.9.0.1-Debug.aar] AndroidManifest.xml:8:5-81
34-->[securefileio-android-4.9.0.1-Debug.aar] AndroidManifest.xml:8:22-78
35
36    <permission
36-->[androidx.core:core:1.13.1] AndroidManifest.xml:22:5-24:47
37        android:name="com.example.flutter_application_1.DYNAMIC_RECEIVER_NOT_EXPORTED_PERMISSION"
37-->[androidx.core:core:1.13.1] AndroidManifest.xml:23:9-81
38        android:protectionLevel="signature" />
38-->[androidx.core:core:1.13.1] AndroidManifest.xml:24:9-44
39
40    <uses-permission android:name="com.example.flutter_application_1.DYNAMIC_RECEIVER_NOT_EXPORTED_PERMISSION" />
40-->[androidx.core:core:1.13.1] AndroidManifest.xml:26:5-97
40-->[androidx.core:core:1.13.1] AndroidManifest.xml:26:22-94
41
42    <application
42-->src\main\AndroidManifest.xml:21:5-73:19
43        android:name="com.example.flutter_application_1.MainApplication"
43-->src\main\AndroidManifest.xml:22:9-40
44        android:allowBackup="true"
44-->src\main\AndroidManifest.xml:25:9-35
45        android:appComponentFactory="androidx.core.app.CoreComponentFactory"
45-->[androidx.core:core:1.13.1] AndroidManifest.xml:28:18-86
46        android:debuggable="true"
47        android:extractNativeLibs="true"
47-->src\main\AndroidManifest.xml:30:9-41
48        android:fullBackupContent="true"
48-->src\main\AndroidManifest.xml:26:9-41
49        android:fullBackupOnly="true"
49-->src\main\AndroidManifest.xml:27:9-38
50        android:icon="@mipmap/ic_launcher"
50-->src\main\AndroidManifest.xml:24:9-43
51        android:label="flutter_application_1"
51-->src\main\AndroidManifest.xml:23:9-46
52        android:requestLegacyExternalStorage="true"
52-->src\main\AndroidManifest.xml:28:9-52
53        android:testOnly="true"
54        android:theme="@style/AppTheme"
54-->[vos-app-protection-android-4.9.2.30-Debug.aar] AndroidManifest.xml:22:9-40
55        android:zygotePreloadName="vkey.android.vos.AppZygote" >
55-->[vos-processor-android-4.9.4.0-Debug.aar] AndroidManifest.xml:17:18-72
56        <activity
56-->src\main\AndroidManifest.xml:32:9-50:20
57            android:name="com.example.flutter_application_1.MainActivity"
57-->src\main\AndroidManifest.xml:33:13-74
58            android:configChanges="orientation|keyboardHidden|keyboard|screenSize|smallestScreenSize|locale|layoutDirection|fontScale|screenLayout|density|uiMode"
58-->src\main\AndroidManifest.xml:38:13-163
59            android:exported="true"
59-->src\main\AndroidManifest.xml:34:13-36
60            android:hardwareAccelerated="true"
60-->src\main\AndroidManifest.xml:39:13-47
61            android:launchMode="singleTop"
61-->src\main\AndroidManifest.xml:35:13-43
62            android:taskAffinity=""
62-->src\main\AndroidManifest.xml:36:13-36
63            android:theme="@style/LaunchTheme"
63-->src\main\AndroidManifest.xml:37:13-47
64            android:windowSoftInputMode="adjustResize" >
64-->src\main\AndroidManifest.xml:40:13-55
65            <meta-data
65-->src\main\AndroidManifest.xml:42:13-44:54
66                android:name="io.flutter.embedding.android.NormalTheme"
66-->src\main\AndroidManifest.xml:43:17-72
67                android:value="@style/NormalTheme" />
67-->src\main\AndroidManifest.xml:44:17-51
68
69            <intent-filter>
69-->src\main\AndroidManifest.xml:46:13-49:29
70                <action android:name="android.intent.action.MAIN" />
70-->src\main\AndroidManifest.xml:17:13-65
70-->src\main\AndroidManifest.xml:17:21-62
71
72                <category android:name="android.intent.category.LAUNCHER" />
72-->src\main\AndroidManifest.xml:48:17-76
72-->src\main\AndroidManifest.xml:48:27-74
73            </intent-filter>
74        </activity>
75
76        <meta-data
76-->src\main\AndroidManifest.xml:52:9-54:33
77            android:name="flutterEmbedding"
77-->src\main\AndroidManifest.xml:53:13-44
78            android:value="2" />
78-->src\main\AndroidManifest.xml:54:13-30
79
80        <uses-library
80-->src\main\AndroidManifest.xml:56:9-58:40
81            android:name="org.apache.http.legacy"
81-->src\main\AndroidManifest.xml:57:13-50
82            android:required="false" />
82-->src\main\AndroidManifest.xml:58:13-37
83
84        <service
84-->src\main\AndroidManifest.xml:60:9-62:40
85            android:name="com.vkey.android.internal.vguard.cache.ProcessHttpRequestIntentService"
85-->src\main\AndroidManifest.xml:61:13-98
86            android:exported="false"
86-->src\main\AndroidManifest.xml:62:13-37
87            android:permission="android.permission.BIND_JOB_SERVICE" />
87-->[vos-app-protection-android-4.9.2.30-Debug.aar] AndroidManifest.xml:30:13-69
88        <service
88-->src\main\AndroidManifest.xml:64:9-66:39
89            android:name="com.vkey.android.secure.overlay.OverlayService"
89-->src\main\AndroidManifest.xml:65:13-74
90            android:exported="false" />
90-->src\main\AndroidManifest.xml:66:13-37
91        <service
91-->src\main\AndroidManifest.xml:68:9-72:46
92            android:name="vkey.android.vos.MgService"
92-->src\main\AndroidManifest.xml:69:13-54
93            android:enabled="true"
93-->src\main\AndroidManifest.xml:70:13-35
94            android:isolatedProcess="true"
94-->src\main\AndroidManifest.xml:72:13-43
95            android:process=":vkey"
95-->src\main\AndroidManifest.xml:71:13-36
96            android:useAppZygote="true" />
96-->[vos-processor-android-4.9.4.0-Debug.aar] AndroidManifest.xml:22:13-40
97
98        <activity
98-->[vos-app-protection-android-4.9.2.30-Debug.aar] AndroidManifest.xml:23:9-26:52
99            android:name="com.vkey.android.vguard.VGDialogActivity"
99-->[vos-app-protection-android-4.9.2.30-Debug.aar] AndroidManifest.xml:24:13-68
100            android:exported="false"
100-->[vos-app-protection-android-4.9.2.30-Debug.aar] AndroidManifest.xml:25:13-37
101            android:theme="@style/NoTitleDialog" />
101-->[vos-app-protection-android-4.9.2.30-Debug.aar] AndroidManifest.xml:26:13-49
102        <activity
102-->[com.google.android.gms:play-services-auth:21.2.0] AndroidManifest.xml:23:9-27:75
103            android:name="com.google.android.gms.auth.api.signin.internal.SignInHubActivity"
103-->[com.google.android.gms:play-services-auth:21.2.0] AndroidManifest.xml:24:13-93
104            android:excludeFromRecents="true"
104-->[com.google.android.gms:play-services-auth:21.2.0] AndroidManifest.xml:25:13-46
105            android:exported="false"
105-->[com.google.android.gms:play-services-auth:21.2.0] AndroidManifest.xml:26:13-37
106            android:theme="@android:style/Theme.Translucent.NoTitleBar" />
106-->[com.google.android.gms:play-services-auth:21.2.0] AndroidManifest.xml:27:13-72
107        <!--
108            Service handling Google Sign-In user revocation. For apps that do not integrate with
109            Google Sign-In, this service will never be started.
110        -->
111        <service
111-->[com.google.android.gms:play-services-auth:21.2.0] AndroidManifest.xml:33:9-37:51
112            android:name="com.google.android.gms.auth.api.signin.RevocationBoundService"
112-->[com.google.android.gms:play-services-auth:21.2.0] AndroidManifest.xml:34:13-89
113            android:exported="true"
113-->[com.google.android.gms:play-services-auth:21.2.0] AndroidManifest.xml:35:13-36
114            android:permission="com.google.android.gms.auth.api.signin.permission.REVOCATION_NOTIFICATION"
114-->[com.google.android.gms:play-services-auth:21.2.0] AndroidManifest.xml:36:13-107
115            android:visibleToInstantApps="true" />
115-->[com.google.android.gms:play-services-auth:21.2.0] AndroidManifest.xml:37:13-48
116
117        <activity
117-->[com.google.android.gms:play-services-base:18.3.0] AndroidManifest.xml:20:9-22:45
118            android:name="com.google.android.gms.common.api.GoogleApiActivity"
118-->[com.google.android.gms:play-services-base:18.3.0] AndroidManifest.xml:20:19-85
119            android:exported="false"
119-->[com.google.android.gms:play-services-base:18.3.0] AndroidManifest.xml:22:19-43
120            android:theme="@android:style/Theme.Translucent.NoTitleBar" />
120-->[com.google.android.gms:play-services-base:18.3.0] AndroidManifest.xml:21:19-78
121
122        <meta-data
122-->[com.google.android.gms:play-services-basement:18.3.0] AndroidManifest.xml:21:9-23:69
123            android:name="com.google.android.gms.version"
123-->[com.google.android.gms:play-services-basement:18.3.0] AndroidManifest.xml:22:13-58
124            android:value="@integer/google_play_services_version" />
124-->[com.google.android.gms:play-services-basement:18.3.0] AndroidManifest.xml:23:13-66
125
126        <uses-library
126-->[androidx.window:window:1.2.0] AndroidManifest.xml:23:9-25:40
127            android:name="androidx.window.extensions"
127-->[androidx.window:window:1.2.0] AndroidManifest.xml:24:13-54
128            android:required="false" />
128-->[androidx.window:window:1.2.0] AndroidManifest.xml:25:13-37
129        <uses-library
129-->[androidx.window:window:1.2.0] AndroidManifest.xml:26:9-28:40
130            android:name="androidx.window.sidecar"
130-->[androidx.window:window:1.2.0] AndroidManifest.xml:27:13-51
131            android:required="false" />
131-->[androidx.window:window:1.2.0] AndroidManifest.xml:28:13-37
132
133        <provider
133-->[androidx.emoji2:emoji2:1.3.0] AndroidManifest.xml:24:9-32:20
134            android:name="androidx.startup.InitializationProvider"
134-->[androidx.emoji2:emoji2:1.3.0] AndroidManifest.xml:25:13-67
135            android:authorities="com.example.flutter_application_1.androidx-startup"
135-->[androidx.emoji2:emoji2:1.3.0] AndroidManifest.xml:26:13-68
136            android:exported="false" >
136-->[androidx.emoji2:emoji2:1.3.0] AndroidManifest.xml:27:13-37
137            <meta-data
137-->[androidx.emoji2:emoji2:1.3.0] AndroidManifest.xml:29:13-31:52
138                android:name="androidx.emoji2.text.EmojiCompatInitializer"
138-->[androidx.emoji2:emoji2:1.3.0] AndroidManifest.xml:30:17-75
139                android:value="androidx.startup" />
139-->[androidx.emoji2:emoji2:1.3.0] AndroidManifest.xml:31:17-49
140            <meta-data
140-->[androidx.lifecycle:lifecycle-process:2.7.0] AndroidManifest.xml:29:13-31:52
141                android:name="androidx.lifecycle.ProcessLifecycleInitializer"
141-->[androidx.lifecycle:lifecycle-process:2.7.0] AndroidManifest.xml:30:17-78
142                android:value="androidx.startup" />
142-->[androidx.lifecycle:lifecycle-process:2.7.0] AndroidManifest.xml:31:17-49
143            <meta-data
143-->[androidx.profileinstaller:profileinstaller:1.3.1] AndroidManifest.xml:29:13-31:52
144                android:name="androidx.profileinstaller.ProfileInstallerInitializer"
144-->[androidx.profileinstaller:profileinstaller:1.3.1] AndroidManifest.xml:30:17-85
145                android:value="androidx.startup" />
145-->[androidx.profileinstaller:profileinstaller:1.3.1] AndroidManifest.xml:31:17-49
146        </provider>
147
148        <receiver
148-->[androidx.profileinstaller:profileinstaller:1.3.1] AndroidManifest.xml:34:9-52:20
149            android:name="androidx.profileinstaller.ProfileInstallReceiver"
149-->[androidx.profileinstaller:profileinstaller:1.3.1] AndroidManifest.xml:35:13-76
150            android:directBootAware="false"
150-->[androidx.profileinstaller:profileinstaller:1.3.1] AndroidManifest.xml:36:13-44
151            android:enabled="true"
151-->[androidx.profileinstaller:profileinstaller:1.3.1] AndroidManifest.xml:37:13-35
152            android:exported="true"
152-->[androidx.profileinstaller:profileinstaller:1.3.1] AndroidManifest.xml:38:13-36
153            android:permission="android.permission.DUMP" >
153-->[androidx.profileinstaller:profileinstaller:1.3.1] AndroidManifest.xml:39:13-57
154            <intent-filter>
154-->[androidx.profileinstaller:profileinstaller:1.3.1] AndroidManifest.xml:40:13-42:29
155                <action android:name="androidx.profileinstaller.action.INSTALL_PROFILE" />
155-->[androidx.profileinstaller:profileinstaller:1.3.1] AndroidManifest.xml:41:17-91
155-->[androidx.profileinstaller:profileinstaller:1.3.1] AndroidManifest.xml:41:25-88
156            </intent-filter>
157            <intent-filter>
157-->[androidx.profileinstaller:profileinstaller:1.3.1] AndroidManifest.xml:43:13-45:29
158                <action android:name="androidx.profileinstaller.action.SKIP_FILE" />
158-->[androidx.profileinstaller:profileinstaller:1.3.1] AndroidManifest.xml:44:17-85
158-->[androidx.profileinstaller:profileinstaller:1.3.1] AndroidManifest.xml:44:25-82
159            </intent-filter>
160            <intent-filter>
160-->[androidx.profileinstaller:profileinstaller:1.3.1] AndroidManifest.xml:46:13-48:29
161                <action android:name="androidx.profileinstaller.action.SAVE_PROFILE" />
161-->[androidx.profileinstaller:profileinstaller:1.3.1] AndroidManifest.xml:47:17-88
161-->[androidx.profileinstaller:profileinstaller:1.3.1] AndroidManifest.xml:47:25-85
162            </intent-filter>
163            <intent-filter>
163-->[androidx.profileinstaller:profileinstaller:1.3.1] AndroidManifest.xml:49:13-51:29
164                <action android:name="androidx.profileinstaller.action.BENCHMARK_OPERATION" />
164-->[androidx.profileinstaller:profileinstaller:1.3.1] AndroidManifest.xml:50:17-95
164-->[androidx.profileinstaller:profileinstaller:1.3.1] AndroidManifest.xml:50:25-92
165            </intent-filter>
166        </receiver>
167    </application>
168
169</manifest>